mode: set
github.com/ibm/ibm-cert-manager-operator/controllers/certmanager/certificate_controller.go:69.103,78.16 6 0
github.com/ibm/ibm-cert-manager-operator/controllers/certmanager/certificate_controller.go:90.2,91.21 2 0
github.com/ibm/ibm-cert-manager-operator/controllers/certmanager/certificate_controller.go:99.2,99.24 1 0
github.com/ibm/ibm-cert-manager-operator/controllers/certmanager/certificate_controller.go:109.2,110.39 2 0
github.com/ibm/ibm-cert-manager-operator/controllers/certmanager/certificate_controller.go:115.2,118.24 3 0
github.com/ibm/ibm-cert-manager-operator/controllers/certmanager/certificate_controller.go:121.2,124.19 3 0
github.com/ibm/ibm-cert-manager-operator/controllers/certmanager/certificate_controller.go:127.2,159.95 4 0
github.com/ibm/ibm-cert-manager-operator/controllers/certmanager/certificate_controller.go:164.2,168.16 5 0
github.com/ibm/ibm-cert-manager-operator/controllers/certmanager/certificate_controller.go:177.2,177.33 1 0
github.com/ibm/ibm-cert-manager-operator/controllers/certmanager/certificate_controller.go:265.2,265.27 1 0
github.com/ibm/ibm-cert-manager-operator/controllers/certmanager/certificate_controller.go:78.16,79.29 1 0
github.com/ibm/ibm-cert-manager-operator/controllers/certmanager/certificate_controller.go:86.3,86.28 1 0
github.com/ibm/ibm-cert-manager-operator/controllers/certmanager/certificate_controller.go:79.29,84.4 1 0
github.com/ibm/ibm-cert-manager-operator/controllers/certmanager/certificate_controller.go:91.21,93.73 1 0
github.com/ibm/ibm-cert-manager-operator/controllers/certmanager/certificate_controller.go:93.73,95.4 1 0
github.com/ibm/ibm-cert-manager-operator/controllers/certmanager/certificate_controller.go:95.9,97.4 1 0
github.com/ibm/ibm-cert-manager-operator/controllers/certmanager/certificate_controller.go:99.24,103.24 3 0
github.com/ibm/ibm-cert-manager-operator/controllers/certmanager/certificate_controller.go:103.24,106.4 2 0
github.com/ibm/ibm-cert-manager-operator/controllers/certmanager/certificate_controller.go:110.39,113.3 2 0
github.com/ibm/ibm-cert-manager-operator/controllers/certmanager/certificate_controller.go:118.24,120.3 1 0
github.com/ibm/ibm-cert-manager-operator/controllers/certmanager/certificate_controller.go:124.19,126.3 1 0
github.com/ibm/ibm-cert-manager-operator/controllers/certmanager/certificate_controller.go:159.95,162.3 2 0
github.com/ibm/ibm-cert-manager-operator/controllers/certmanager/certificate_controller.go:168.16,169.29 1 0
github.com/ibm/ibm-cert-manager-operator/controllers/certmanager/certificate_controller.go:169.29,172.4 2 0
github.com/ibm/ibm-cert-manager-operator/controllers/certmanager/certificate_controller.go:172.9,174.4 1 0
github.com/ibm/ibm-cert-manager-operator/controllers/certmanager/certificate_controller.go:177.33,179.70 2 0
github.com/ibm/ibm-cert-manager-operator/controllers/certmanager/certificate_controller.go:210.3,210.84 1 0
github.com/ibm/ibm-cert-manager-operator/controllers/certmanager/certificate_controller.go:217.3,217.25 1 0
github.com/ibm/ibm-cert-manager-operator/controllers/certmanager/certificate_controller.go:257.3,257.43 1 0
github.com/ibm/ibm-cert-manager-operator/controllers/certmanager/certificate_controller.go:179.70,180.35 1 0
github.com/ibm/ibm-cert-manager-operator/controllers/certmanager/certificate_controller.go:180.35,182.157 2 0
github.com/ibm/ibm-cert-manager-operator/controllers/certmanager/certificate_controller.go:186.5,186.161 1 0
github.com/ibm/ibm-cert-manager-operator/controllers/certmanager/certificate_controller.go:196.5,200.69 5 0
github.com/ibm/ibm-cert-manager-operator/controllers/certmanager/certificate_controller.go:182.157,185.6 2 0
github.com/ibm/ibm-cert-manager-operator/controllers/certmanager/certificate_controller.go:186.161,189.73 3 0
github.com/ibm/ibm-cert-manager-operator/controllers/certmanager/certificate_controller.go:193.6,193.46 1 0
github.com/ibm/ibm-cert-manager-operator/controllers/certmanager/certificate_controller.go:189.73,192.7 2 0
github.com/ibm/ibm-cert-manager-operator/controllers/certmanager/certificate_controller.go:200.69,203.6 2 0
github.com/ibm/ibm-cert-manager-operator/controllers/certmanager/certificate_controller.go:204.10,207.5 2 0
github.com/ibm/ibm-cert-manager-operator/controllers/certmanager/certificate_controller.go:210.84,212.4 1 0
github.com/ibm/ibm-cert-manager-operator/controllers/certmanager/certificate_controller.go:217.25,220.18 3 0
github.com/ibm/ibm-cert-manager-operator/controllers/certmanager/certificate_controller.go:227.4,228.18 2 0
github.com/ibm/ibm-cert-manager-operator/controllers/certmanager/certificate_controller.go:232.4,234.35 2 0
github.com/ibm/ibm-cert-manager-operator/controllers/certmanager/certificate_controller.go:242.4,242.43 1 0
github.com/ibm/ibm-cert-manager-operator/controllers/certmanager/certificate_controller.go:251.4,251.53 1 0
github.com/ibm/ibm-cert-manager-operator/controllers/certmanager/certificate_controller.go:220.18,221.31 1 0
github.com/ibm/ibm-cert-manager-operator/controllers/certmanager/certificate_controller.go:224.5,224.30 1 0
github.com/ibm/ibm-cert-manager-operator/controllers/certmanager/certificate_controller.go:221.31,223.6 1 0
github.com/ibm/ibm-cert-manager-operator/controllers/certmanager/certificate_controller.go:228.18,230.5 1 0
github.com/ibm/ibm-cert-manager-operator/controllers/certmanager/certificate_controller.go:234.35,236.19 2 0
github.com/ibm/ibm-cert-manager-operator/controllers/certmanager/certificate_controller.go:236.19,239.6 2 0
github.com/ibm/ibm-cert-manager-operator/controllers/certmanager/certificate_controller.go:242.43,243.71 1 0
github.com/ibm/ibm-cert-manager-operator/controllers/certmanager/certificate_controller.go:243.71,244.32 1 0
github.com/ibm/ibm-cert-manager-operator/controllers/certmanager/certificate_controller.go:247.6,247.31 1 0
github.com/ibm/ibm-cert-manager-operator/controllers/certmanager/certificate_controller.go:244.32,245.15 1 0
github.com/ibm/ibm-cert-manager-operator/controllers/certmanager/certificate_controller.go:251.53,253.5 1 0
github.com/ibm/ibm-cert-manager-operator/controllers/certmanager/certificate_controller.go:258.8,263.3 3 0
github.com/ibm/ibm-cert-manager-operator/controllers/certmanager/certificate_controller.go:272.52,274.65 2 0
github.com/ibm/ibm-cert-manager-operator/controllers/certmanager/certificate_controller.go:277.2,277.36 1 0
github.com/ibm/ibm-cert-manager-operator/controllers/certmanager/certificate_controller.go:284.2,284.12 1 0
github.com/ibm/ibm-cert-manager-operator/controllers/certmanager/certificate_controller.go:274.65,276.3 1 0
github.com/ibm/ibm-cert-manager-operator/controllers/certmanager/certificate_controller.go:277.36,278.100 1 0
github.com/ibm/ibm-cert-manager-operator/controllers/certmanager/certificate_controller.go:278.100,279.62 1 0
github.com/ibm/ibm-cert-manager-operator/controllers/certmanager/certificate_controller.go:279.62,281.5 1 0
github.com/ibm/ibm-cert-manager-operator/controllers/certmanager/certificate_controller.go:293.75,294.30 1 0
github.com/ibm/ibm-cert-manager-operator/controllers/certmanager/certificate_controller.go:297.2,297.14 1 0
github.com/ibm/ibm-cert-manager-operator/controllers/certmanager/certificate_controller.go:300.2,300.60 1 0
github.com/ibm/ibm-cert-manager-operator/controllers/certmanager/certificate_controller.go:294.30,296.3 1 0
github.com/ibm/ibm-cert-manager-operator/controllers/certmanager/certificate_controller.go:297.14,299.3 1 0
github.com/ibm/ibm-cert-manager-operator/controllers/certmanager/certificate_controller.go:305.52,307.2 1 0
github.com/ibm/ibm-cert-manager-operator/controllers/certmanager/certificate_controller.go:309.64,311.65 2 0
github.com/ibm/ibm-cert-manager-operator/controllers/certmanager/certificate_controller.go:314.2,314.36 1 0
github.com/ibm/ibm-cert-manager-operator/controllers/certmanager/certificate_controller.go:325.2,326.65 2 0
github.com/ibm/ibm-cert-manager-operator/controllers/certmanager/certificate_controller.go:329.2,329.36 1 0
github.com/ibm/ibm-cert-manager-operator/controllers/certmanager/certificate_controller.go:339.2,339.12 1 0
github.com/ibm/ibm-cert-manager-operator/controllers/certmanager/certificate_controller.go:311.65,313.3 1 0
github.com/ibm/ibm-cert-manager-operator/controllers/certmanager/certificate_controller.go:314.36,315.27 1 0
github.com/ibm/ibm-cert-manager-operator/controllers/certmanager/certificate_controller.go:315.27,316.63 1 0
github.com/ibm/ibm-cert-manager-operator/controllers/certmanager/certificate_controller.go:316.63,318.63 2 0
github.com/ibm/ibm-cert-manager-operator/controllers/certmanager/certificate_controller.go:318.63,320.6 1 0
github.com/ibm/ibm-cert-manager-operator/controllers/certmanager/certificate_controller.go:326.65,328.3 1 0
github.com/ibm/ibm-cert-manager-operator/controllers/certmanager/certificate_controller.go:329.36,330.27 1 0
github.com/ibm/ibm-cert-manager-operator/controllers/certmanager/certificate_controller.go:330.27,331.63 1 0
github.com/ibm/ibm-cert-manager-operator/controllers/certmanager/certificate_controller.go:331.63,333.63 2 0
github.com/ibm/ibm-cert-manager-operator/controllers/certmanager/certificate_controller.go:333.63,335.6 1 0
github.com/ibm/ibm-cert-manager-operator/controllers/certmanager/certificate_controller.go:343.106,349.2 4 0
github.com/ibm/ibm-cert-manager-operator/controllers/certmanager/certificate_controller.go:352.117,358.16 4 0
github.com/ibm/ibm-cert-manager-operator/controllers/certmanager/certificate_controller.go:366.2,366.21 1 0
github.com/ibm/ibm-cert-manager-operator/controllers/certmanager/certificate_controller.go:358.16,359.43 1 0
github.com/ibm/ibm-cert-manager-operator/controllers/certmanager/certificate_controller.go:359.43,360.75 1 0
github.com/ibm/ibm-cert-manager-operator/controllers/certmanager/certificate_controller.go:360.75,362.5 1 0
github.com/ibm/ibm-cert-manager-operator/controllers/certmanager/certificate_controller.go:370.110,377.16 4 0
github.com/ibm/ibm-cert-manager-operator/controllers/certmanager/certificate_controller.go:393.2,393.25 1 0
github.com/ibm/ibm-cert-manager-operator/controllers/certmanager/certificate_controller.go:377.16,378.39 1 0
github.com/ibm/ibm-cert-manager-operator/controllers/certmanager/certificate_controller.go:378.39,379.44 1 0
github.com/ibm/ibm-cert-manager-operator/controllers/certmanager/certificate_controller.go:379.44,381.19 2 0
github.com/ibm/ibm-cert-manager-operator/controllers/certmanager/certificate_controller.go:388.5,388.50 1 0
github.com/ibm/ibm-cert-manager-operator/controllers/certmanager/certificate_controller.go:381.19,382.32 1 0
github.com/ibm/ibm-cert-manager-operator/controllers/certmanager/certificate_controller.go:386.6,386.11 1 0
github.com/ibm/ibm-cert-manager-operator/controllers/certmanager/certificate_controller.go:382.32,384.15 2 0
github.com/ibm/ibm-cert-manager-operator/controllers/certmanager/certificate_controller.go:399.93,400.28 1 0
github.com/ibm/ibm-cert-manager-operator/controllers/certmanager/certificate_controller.go:418.2,418.12 1 0
github.com/ibm/ibm-cert-manager-operator/controllers/certmanager/certificate_controller.go:400.28,402.110 2 0
github.com/ibm/ibm-cert-manager-operator/controllers/certmanager/certificate_controller.go:406.3,406.36 1 0
github.com/ibm/ibm-cert-manager-operator/controllers/certmanager/certificate_controller.go:402.110,404.4 1 0
github.com/ibm/ibm-cert-manager-operator/controllers/certmanager/certificate_controller.go:406.36,407.39 1 0
github.com/ibm/ibm-cert-manager-operator/controllers/certmanager/certificate_controller.go:407.39,408.24 1 0
github.com/ibm/ibm-cert-manager-operator/controllers/certmanager/certificate_controller.go:411.5,412.63 2 0
github.com/ibm/ibm-cert-manager-operator/controllers/certmanager/certificate_controller.go:408.24,410.6 1 0
github.com/ibm/ibm-cert-manager-operator/controllers/certmanager/certificate_controller.go:412.63,414.6 1 0
github.com/ibm/ibm-cert-manager-operator/controllers/certmanager/certificate_controller.go:422.74,425.16 2 0
github.com/ibm/ibm-cert-manager-operator/controllers/certmanager/certificate_controller.go:430.2,431.16 2 0
github.com/ibm/ibm-cert-manager-operator/controllers/certmanager/certificate_controller.go:436.2,440.16 2 0
github.com/ibm/ibm-cert-manager-operator/controllers/certmanager/certificate_controller.go:444.2,444.12 1 0
github.com/ibm/ibm-cert-manager-operator/controllers/certmanager/certificate_controller.go:425.16,427.3 1 0
github.com/ibm/ibm-cert-manager-operator/controllers/certmanager/certificate_controller.go:431.16,433.3 1 0
github.com/ibm/ibm-cert-manager-operator/controllers/certmanager/certificate_controller.go:440.16,442.3 1 0
github.com/ibm/ibm-cert-manager-operator/controllers/certmanager/certificate_converter.go:28.60,31.26 3 0
github.com/ibm/ibm-cert-manager-operator/controllers/certmanager/certificate_converter.go:38.2,38.30 1 0
github.com/ibm/ibm-cert-manager-operator/controllers/certmanager/certificate_converter.go:31.26,32.15 1 0
github.com/ibm/ibm-cert-manager-operator/controllers/certmanager/certificate_converter.go:32.15,34.4 1 0
github.com/ibm/ibm-cert-manager-operator/controllers/certmanager/certificate_converter.go:34.9,36.4 1 0
github.com/ibm/ibm-cert-manager-operator/controllers/certmanager/certificate_converter.go:41.27,42.40 1 0
github.com/ibm/ibm-cert-manager-operator/controllers/certmanager/certificate_converter.go:45.2,45.13 1 0
github.com/ibm/ibm-cert-manager-operator/controllers/certmanager/certificate_converter.go:42.40,44.3 1 0
github.com/ibm/ibm-cert-manager-operator/controllers/certmanager/certificate_converter.go:48.57,49.47 1 0
github.com/ibm/ibm-cert-manager-operator/controllers/certmanager/certificate_converter.go:52.2,52.10 1 0
github.com/ibm/ibm-cert-manager-operator/controllers/certmanager/certificate_converter.go:49.47,51.3 1 0
github.com/ibm/ibm-cert-manager-operator/controllers/certmanager/certificate_converter.go:55.60,56.19 1 0
github.com/ibm/ibm-cert-manager-operator/controllers/certmanager/certificate_converter.go:59.2,59.35 1 0
github.com/ibm/ibm-cert-manager-operator/controllers/certmanager/certificate_converter.go:56.19,58.3 1 0
github.com/ibm/ibm-cert-manager-operator/controllers/certmanager/certificate_converter.go:62.49,63.14 1 0
github.com/ibm/ibm-cert-manager-operator/controllers/certmanager/certificate_converter.go:66.2,68.3 1 0
github.com/ibm/ibm-cert-manager-operator/controllers/certmanager/certificate_converter.go:63.14,65.3 1 0
github.com/ibm/ibm-cert-manager-operator/controllers/certmanager/certificate_converter.go:71.74,77.2 1 0
github.com/ibm/ibm-cert-manager-operator/controllers/certmanager/certificate_converter.go:81.78,82.67 1 0
github.com/ibm/ibm-cert-manager-operator/controllers/certmanager/certificate_converter.go:85.2,90.10 2 0
github.com/ibm/ibm-cert-manager-operator/controllers/certmanager/certificate_converter.go:82.67,84.3 1 0
github.com/ibm/ibm-cert-manager-operator/controllers/certmanager/certificate_converter.go:95.62,96.19 1 0
github.com/ibm/ibm-cert-manager-operator/controllers/certmanager/certificate_converter.go:99.2,100.27 2 0
github.com/ibm/ibm-cert-manager-operator/controllers/certmanager/certificate_converter.go:103.2,103.17 1 0
github.com/ibm/ibm-cert-manager-operator/controllers/certmanager/certificate_converter.go:96.19,98.3 1 0
github.com/ibm/ibm-cert-manager-operator/controllers/certmanager/certificate_converter.go:100.27,102.3 1 0
github.com/ibm/ibm-cert-manager-operator/controllers/certmanager/certificate_converter.go:109.71,111.2 1 0
github.com/ibm/ibm-cert-manager-operator/controllers/certmanager/certificate_converter.go:116.73,118.2 1 0
github.com/ibm/ibm-cert-manager-operator/controllers/certmanager/certificate_converter.go:120.75,122.48 2 0
github.com/ibm/ibm-cert-manager-operator/controllers/certmanager/certificate_converter.go:133.2,137.3 1 0
github.com/ibm/ibm-cert-manager-operator/controllers/certmanager/certificate_converter.go:122.48,123.34 1 0
github.com/ibm/ibm-cert-manager-operator/controllers/certmanager/certificate_converter.go:123.34,131.4 1 0
github.com/ibm/ibm-cert-manager-operator/controllers/certmanager/certificaterequest_controller.go:49.110,55.2 2 0
github.com/ibm/ibm-cert-manager-operator/controllers/certmanager/certificaterequest_controller.go:58.81,62.2 1 0
github.com/ibm/ibm-cert-manager-operator/controllers/certmanager/challenge_controller.go:49.101,55.2 2 0
github.com/ibm/ibm-cert-manager-operator/controllers/certmanager/challenge_controller.go:58.72,62.2 1 0
github.com/ibm/ibm-cert-manager-operator/controllers/certmanager/issuer_controller.go:58.98,67.16 6 0
github.com/ibm/ibm-cert-manager-operator/controllers/certmanager/issuer_controller.go:79.2,80.21 2 0
github.com/ibm/ibm-cert-manager-operator/controllers/certmanager/issuer_controller.go:88.2,88.24 1 0
github.com/ibm/ibm-cert-manager-operator/controllers/certmanager/issuer_controller.go:98.2,103.24 4 0
github.com/ibm/ibm-cert-manager-operator/controllers/certmanager/issuer_controller.go:106.2,131.92 3 0
github.com/ibm/ibm-cert-manager-operator/controllers/certmanager/issuer_controller.go:136.2,136.66 1 0
github.com/ibm/ibm-cert-manager-operator/controllers/certmanager/issuer_controller.go:168.2,170.27 2 0
github.com/ibm/ibm-cert-manager-operator/controllers/certmanager/issuer_controller.go:67.16,68.29 1 0
github.com/ibm/ibm-cert-manager-operator/controllers/certmanager/issuer_controller.go:75.3,75.28 1 0
github.com/ibm/ibm-cert-manager-operator/controllers/certmanager/issuer_controller.go:68.29,73.4 1 0
github.com/ibm/ibm-cert-manager-operator/controllers/certmanager/issuer_controller.go:80.21,82.73 1 0
github.com/ibm/ibm-cert-manager-operator/controllers/certmanager/issuer_controller.go:82.73,84.4 1 0
github.com/ibm/ibm-cert-manager-operator/controllers/certmanager/issuer_controller.go:84.9,86.4 1 0
github.com/ibm/ibm-cert-manager-operator/controllers/certmanager/issuer_controller.go:88.24,92.24 3 0
github.com/ibm/ibm-cert-manager-operator/controllers/certmanager/issuer_controller.go:92.24,95.4 2 0
github.com/ibm/ibm-cert-manager-operator/controllers/certmanager/issuer_controller.go:103.24,105.3 1 0
github.com/ibm/ibm-cert-manager-operator/controllers/certmanager/issuer_controller.go:131.92,134.3 2 0
github.com/ibm/ibm-cert-manager-operator/controllers/certmanager/issuer_controller.go:136.66,137.34 1 0
github.com/ibm/ibm-cert-manager-operator/controllers/certmanager/issuer_controller.go:164.3,165.28 2 0
github.com/ibm/ibm-cert-manager-operator/controllers/certmanager/issuer_controller.go:137.34,139.145 2 0
github.com/ibm/ibm-cert-manager-operator/controllers/certmanager/issuer_controller.go:143.4,143.144 1 0
github.com/ibm/ibm-cert-manager-operator/controllers/certmanager/issuer_controller.go:153.4,157.68 5 0
github.com/ibm/ibm-cert-manager-operator/controllers/certmanager/issuer_controller.go:162.4,162.29 1 0
github.com/ibm/ibm-cert-manager-operator/controllers/certmanager/issuer_controller.go:139.145,142.5 2 0
github.com/ibm/ibm-cert-manager-operator/controllers/certmanager/issuer_controller.go:143.144,146.69 3 0
github.com/ibm/ibm-cert-manager-operator/controllers/certmanager/issuer_controller.go:150.5,150.55 1 0
github.com/ibm/ibm-cert-manager-operator/controllers/certmanager/issuer_controller.go:146.69,149.6 2 0
github.com/ibm/ibm-cert-manager-operator/controllers/certmanager/issuer_controller.go:157.68,160.5 2 0
github.com/ibm/ibm-cert-manager-operator/controllers/certmanager/issuer_controller.go:175.65,177.2 1 0
github.com/ibm/ibm-cert-manager-operator/controllers/certmanager/issuer_controller.go:179.65,181.2 1 0
github.com/ibm/ibm-cert-manager-operator/controllers/certmanager/issuer_controller.go:183.65,185.2 1 0
github.com/ibm/ibm-cert-manager-operator/controllers/certmanager/issuer_controller.go:187.67,189.2 1 0
github.com/ibm/ibm-cert-manager-operator/controllers/certmanager/issuer_controller.go:192.69,195.16 2 0
github.com/ibm/ibm-cert-manager-operator/controllers/certmanager/issuer_controller.go:200.2,201.16 2 0
github.com/ibm/ibm-cert-manager-operator/controllers/certmanager/issuer_controller.go:206.2,210.16 2 0
github.com/ibm/ibm-cert-manager-operator/controllers/certmanager/issuer_controller.go:214.2,214.12 1 0
github.com/ibm/ibm-cert-manager-operator/controllers/certmanager/issuer_controller.go:195.16,197.3 1 0
github.com/ibm/ibm-cert-manager-operator/controllers/certmanager/issuer_controller.go:201.16,203.3 1 0
github.com/ibm/ibm-cert-manager-operator/controllers/certmanager/issuer_controller.go:210.16,212.3 1 0
github.com/ibm/ibm-cert-manager-operator/controllers/certmanager/issuer_converter.go:26.59,27.14 1 0
github.com/ibm/ibm-cert-manager-operator/controllers/certmanager/issuer_converter.go:30.2,39.3 1 0
github.com/ibm/ibm-cert-manager-operator/controllers/certmanager/issuer_converter.go:27.14,29.3 1 0
github.com/ibm/ibm-cert-manager-operator/controllers/certmanager/issuer_converter.go:42.82,43.14 1 0
github.com/ibm/ibm-cert-manager-operator/controllers/certmanager/issuer_converter.go:47.2,48.22 2 0
github.com/ibm/ibm-cert-manager-operator/controllers/certmanager/issuer_converter.go:55.2,55.10 1 0
github.com/ibm/ibm-cert-manager-operator/controllers/certmanager/issuer_converter.go:43.14,45.3 1 0
github.com/ibm/ibm-cert-manager-operator/controllers/certmanager/issuer_converter.go:48.22,54.3 1 0
github.com/ibm/ibm-cert-manager-operator/controllers/certmanager/issuer_converter.go:61.95,62.14 1 0
github.com/ibm/ibm-cert-manager-operator/controllers/certmanager/issuer_converter.go:65.2,65.46 1 0
github.com/ibm/ibm-cert-manager-operator/controllers/certmanager/issuer_converter.go:62.14,64.3 1 0
github.com/ibm/ibm-cert-manager-operator/controllers/certmanager/issuer_converter.go:68.91,69.34 1 0
github.com/ibm/ibm-cert-manager-operator/controllers/certmanager/issuer_converter.go:73.2,74.34 2 0
github.com/ibm/ibm-cert-manager-operator/controllers/certmanager/issuer_converter.go:83.2,90.3 1 0
github.com/ibm/ibm-cert-manager-operator/controllers/certmanager/issuer_converter.go:69.34,71.3 1 0
github.com/ibm/ibm-cert-manager-operator/controllers/certmanager/issuer_converter.go:74.34,81.3 1 0
github.com/ibm/ibm-cert-manager-operator/controllers/certmanager/issuer_converter.go:93.88,94.14 1 0
github.com/ibm/ibm-cert-manager-operator/controllers/certmanager/issuer_converter.go:98.2,99.21 2 0
github.com/ibm/ibm-cert-manager-operator/controllers/certmanager/issuer_converter.go:117.2,118.23 2 0
github.com/ibm/ibm-cert-manager-operator/controllers/certmanager/issuer_converter.go:128.2,129.25 2 0
github.com/ibm/ibm-cert-manager-operator/controllers/certmanager/issuer_converter.go:139.2,140.22 2 0
github.com/ibm/ibm-cert-manager-operator/controllers/certmanager/issuer_converter.go:157.2,158.23 2 0
github.com/ibm/ibm-cert-manager-operator/controllers/certmanager/issuer_converter.go:173.2,174.27 2 0
github.com/ibm/ibm-cert-manager-operator/controllers/certmanager/issuer_converter.go:183.2,184.22 2 0
github.com/ibm/ibm-cert-manager-operator/controllers/certmanager/issuer_converter.go:194.2,195.22 2 0
github.com/ibm/ibm-cert-manager-operator/controllers/certmanager/issuer_converter.go:211.2,212.22 2 0
github.com/ibm/ibm-cert-manager-operator/controllers/certmanager/issuer_converter.go:220.2,231.3 1 0
github.com/ibm/ibm-cert-manager-operator/controllers/certmanager/issuer_converter.go:94.14,96.3 1 0
github.com/ibm/ibm-cert-manager-operator/controllers/certmanager/issuer_converter.go:99.21,115.3 1 0
github.com/ibm/ibm-cert-manager-operator/controllers/certmanager/issuer_converter.go:118.23,126.3 1 0
github.com/ibm/ibm-cert-manager-operator/controllers/certmanager/issuer_converter.go:129.25,137.3 1 0
github.com/ibm/ibm-cert-manager-operator/controllers/certmanager/issuer_converter.go:140.22,142.66 2 0
github.com/ibm/ibm-cert-manager-operator/controllers/certmanager/issuer_converter.go:148.3,154.4 1 0
github.com/ibm/ibm-cert-manager-operator/controllers/certmanager/issuer_converter.go:142.66,147.4 1 0
github.com/ibm/ibm-cert-manager-operator/controllers/certmanager/issuer_converter.go:158.23,171.3 1 0
github.com/ibm/ibm-cert-manager-operator/controllers/certmanager/issuer_converter.go:174.27,181.3 1 0
github.com/ibm/ibm-cert-manager-operator/controllers/certmanager/issuer_converter.go:184.22,192.3 1 0
github.com/ibm/ibm-cert-manager-operator/controllers/certmanager/issuer_converter.go:195.22,197.61 2 0
github.com/ibm/ibm-cert-manager-operator/controllers/certmanager/issuer_converter.go:203.3,208.4 1 0
github.com/ibm/ibm-cert-manager-operator/controllers/certmanager/issuer_converter.go:197.61,202.4 1 0
github.com/ibm/ibm-cert-manager-operator/controllers/certmanager/issuer_converter.go:212.22,218.3 1 0
github.com/ibm/ibm-cert-manager-operator/controllers/certmanager/issuer_converter.go:234.51,235.14 1 0
github.com/ibm/ibm-cert-manager-operator/controllers/certmanager/issuer_converter.go:238.2,242.3 1 0
github.com/ibm/ibm-cert-manager-operator/controllers/certmanager/issuer_converter.go:235.14,237.3 1 0
github.com/ibm/ibm-cert-manager-operator/controllers/certmanager/issuer_converter.go:245.60,246.14 1 0
github.com/ibm/ibm-cert-manager-operator/controllers/certmanager/issuer_converter.go:250.2,251.61 2 0
github.com/ibm/ibm-cert-manager-operator/controllers/certmanager/issuer_converter.go:258.2,259.49 2 0
github.com/ibm/ibm-cert-manager-operator/controllers/certmanager/issuer_converter.go:269.2,278.3 1 0
github.com/ibm/ibm-cert-manager-operator/controllers/certmanager/issuer_converter.go:246.14,248.3 1 0
github.com/ibm/ibm-cert-manager-operator/controllers/certmanager/issuer_converter.go:251.61,256.3 1 0
github.com/ibm/ibm-cert-manager-operator/controllers/certmanager/issuer_converter.go:259.49,268.3 1 0
github.com/ibm/ibm-cert-manager-operator/controllers/certmanager/issuer_converter.go:281.75,282.14 1 0
github.com/ibm/ibm-cert-manager-operator/controllers/certmanager/issuer_converter.go:285.2,287.3 1 0
github.com/ibm/ibm-cert-manager-operator/controllers/certmanager/issuer_converter.go:282.14,284.3 1 0
github.com/ibm/ibm-cert-manager-operator/controllers/certmanager/issuer_converter.go:290.63,291.14 1 0
github.com/ibm/ibm-cert-manager-operator/controllers/certmanager/issuer_converter.go:294.2,295.18 2 0
github.com/ibm/ibm-cert-manager-operator/controllers/certmanager/issuer_converter.go:304.2,305.20 2 0
github.com/ibm/ibm-cert-manager-operator/controllers/certmanager/issuer_converter.go:314.2,318.3 1 0
github.com/ibm/ibm-cert-manager-operator/controllers/certmanager/issuer_converter.go:291.14,293.3 1 0
github.com/ibm/ibm-cert-manager-operator/controllers/certmanager/issuer_converter.go:295.18,303.3 1 0
github.com/ibm/ibm-cert-manager-operator/controllers/certmanager/issuer_converter.go:305.20,313.3 1 0
github.com/ibm/ibm-cert-manager-operator/controllers/certmanager/issuer_converter.go:321.67,323.48 2 0
github.com/ibm/ibm-cert-manager-operator/controllers/certmanager/issuer_converter.go:335.2,338.3 1 0
github.com/ibm/ibm-cert-manager-operator/controllers/certmanager/issuer_converter.go:323.48,324.34 1 0
github.com/ibm/ibm-cert-manager-operator/controllers/certmanager/issuer_converter.go:324.34,332.4 1 0
github.com/ibm/ibm-cert-manager-operator/controllers/certmanager/order_controller.go:49.97,55.2 2 0
github.com/ibm/ibm-cert-manager-operator/controllers/certmanager/order_controller.go:58.68,62.2 1 0
github.com/ibm/ibm-cert-manager-operator/controllers/cert-manager/certificate_controller.go:49.103,55.2 2 0
github.com/ibm/ibm-cert-manager-operator/controllers/cert-manager/certificate_controller.go:58.74,62.2 1 0
github.com/ibm/ibm-cert-manager-operator/controllers/operator/prereqs.go:41.119,42.74 1 0
github.com/ibm/ibm-cert-manager-operator/controllers/operator/prereqs.go:45.2,45.12 1 0
github.com/ibm/ibm-cert-manager-operator/controllers/operator/prereqs.go:42.74,44.3 1 0
github.com/ibm/ibm-cert-manager-operator/controllers/operator/prereqs.go:48.115,50.90 1 0
github.com/ibm/ibm-cert-manager-operator/controllers/operator/prereqs.go:53.2,53.73 1 0
github.com/ibm/ibm-cert-manager-operator/controllers/operator/prereqs.go:56.2,56.115 1 0
github.com/ibm/ibm-cert-manager-operator/controllers/operator/prereqs.go:59.2,59.94 1 0
github.com/ibm/ibm-cert-manager-operator/controllers/operator/prereqs.go:62.2,62.103 1 0
github.com/ibm/ibm-cert-manager-operator/controllers/operator/prereqs.go:65.2,65.12 1 0
github.com/ibm/ibm-cert-manager-operator/controllers/operator/prereqs.go:50.90,52.3 1 0
github.com/ibm/ibm-cert-manager-operator/controllers/operator/prereqs.go:53.73,55.3 1 0
github.com/ibm/ibm-cert-manager-operator/controllers/operator/prereqs.go:56.115,58.3 1 0
github.com/ibm/ibm-cert-manager-operator/controllers/operator/prereqs.go:59.94,61.3 1 0
github.com/ibm/ibm-cert-manager-operator/controllers/operator/prereqs.go:62.103,64.3 1 0
github.com/ibm/ibm-cert-manager-operator/controllers/operator/prereqs.go:68.127,70.44 2 0
github.com/ibm/ibm-cert-manager-operator/controllers/operator/prereqs.go:97.2,97.12 1 0
github.com/ibm/ibm-cert-manager-operator/controllers/operator/prereqs.go:70.44,74.46 4 0
github.com/ibm/ibm-cert-manager-operator/controllers/operator/prereqs.go:74.46,77.86 3 0
github.com/ibm/ibm-cert-manager-operator/controllers/operator/prereqs.go:80.4,81.18 2 0
github.com/ibm/ibm-cert-manager-operator/controllers/operator/prereqs.go:77.86,79.5 1 0
github.com/ibm/ibm-cert-manager-operator/controllers/operator/prereqs.go:81.18,83.5 1 0
github.com/ibm/ibm-cert-manager-operator/controllers/operator/prereqs.go:84.9,84.24 1 0
github.com/ibm/ibm-cert-manager-operator/controllers/operator/prereqs.go:84.24,86.4 1 0
github.com/ibm/ibm-cert-manager-operator/controllers/operator/prereqs.go:86.9,89.51 3 0
github.com/ibm/ibm-cert-manager-operator/controllers/operator/prereqs.go:89.51,91.19 2 0
github.com/ibm/ibm-cert-manager-operator/controllers/operator/prereqs.go:91.19,93.6 1 0
github.com/ibm/ibm-cert-manager-operator/controllers/operator/prereqs.go:100.116,102.51 2 0
github.com/ibm/ibm-cert-manager-operator/controllers/operator/prereqs.go:129.2,129.12 1 0
github.com/ibm/ibm-cert-manager-operator/controllers/operator/prereqs.go:102.51,106.46 4 0
github.com/ibm/ibm-cert-manager-operator/controllers/operator/prereqs.go:106.46,109.86 2 0
github.com/ibm/ibm-cert-manager-operator/controllers/operator/prereqs.go:112.4,113.18 2 0
github.com/ibm/ibm-cert-manager-operator/controllers/operator/prereqs.go:109.86,111.5 1 0
github.com/ibm/ibm-cert-manager-operator/controllers/operator/prereqs.go:113.18,115.5 1 0
github.com/ibm/ibm-cert-manager-operator/controllers/operator/prereqs.go:116.9,116.24 1 0
github.com/ibm/ibm-cert-manager-operator/controllers/operator/prereqs.go:116.24,118.4 1 0
github.com/ibm/ibm-cert-manager-operator/controllers/operator/prereqs.go:118.9,121.65 3 0
github.com/ibm/ibm-cert-manager-operator/controllers/operator/prereqs.go:121.65,123.19 2 0
github.com/ibm/ibm-cert-manager-operator/controllers/operator/prereqs.go:123.19,125.6 1 0
github.com/ibm/ibm-cert-manager-operator/controllers/operator/prereqs.go:132.141,134.58 2 0
github.com/ibm/ibm-cert-manager-operator/controllers/operator/prereqs.go:169.2,169.12 1 0
github.com/ibm/ibm-cert-manager-operator/controllers/operator/prereqs.go:134.58,139.46 4 0
github.com/ibm/ibm-cert-manager-operator/controllers/operator/prereqs.go:139.46,141.30 2 0
github.com/ibm/ibm-cert-manager-operator/controllers/operator/prereqs.go:144.4,144.86 1 0
github.com/ibm/ibm-cert-manager-operator/controllers/operator/prereqs.go:147.4,148.18 2 0
github.com/ibm/ibm-cert-manager-operator/controllers/operator/prereqs.go:141.30,143.5 1 0
github.com/ibm/ibm-cert-manager-operator/controllers/operator/prereqs.go:144.86,146.5 1 0
github.com/ibm/ibm-cert-manager-operator/controllers/operator/prereqs.go:148.18,150.5 1 0
github.com/ibm/ibm-cert-manager-operator/controllers/operator/prereqs.go:151.9,151.24 1 0
github.com/ibm/ibm-cert-manager-operator/controllers/operator/prereqs.go:151.24,153.4 1 0
github.com/ibm/ibm-cert-manager-operator/controllers/operator/prereqs.go:153.9,154.30 1 0
github.com/ibm/ibm-cert-manager-operator/controllers/operator/prereqs.go:157.4,160.79 4 0
github.com/ibm/ibm-cert-manager-operator/controllers/operator/prereqs.go:154.30,156.5 1 0
github.com/ibm/ibm-cert-manager-operator/controllers/operator/prereqs.go:160.79,162.19 2 0
github.com/ibm/ibm-cert-manager-operator/controllers/operator/prereqs.go:162.19,164.6 1 0
github.com/ibm/ibm-cert-manager-operator/controllers/operator/prereqs.go:172.134,174.51 2 0
github.com/ibm/ibm-cert-manager-operator/controllers/operator/prereqs.go:214.2,214.12 1 0
github.com/ibm/ibm-cert-manager-operator/controllers/operator/prereqs.go:174.51,179.46 4 0
github.com/ibm/ibm-cert-manager-operator/controllers/operator/prereqs.go:179.46,182.30 3 0
github.com/ibm/ibm-cert-manager-operator/controllers/operator/prereqs.go:185.4,185.86 1 0
github.com/ibm/ibm-cert-manager-operator/controllers/operator/prereqs.go:188.4,189.18 2 0
github.com/ibm/ibm-cert-manager-operator/controllers/operator/prereqs.go:182.30,184.5 1 0
github.com/ibm/ibm-cert-manager-operator/controllers/operator/prereqs.go:185.86,187.5 1 0
github.com/ibm/ibm-cert-manager-operator/controllers/operator/prereqs.go:189.18,191.5 1 0
github.com/ibm/ibm-cert-manager-operator/controllers/operator/prereqs.go:192.9,192.24 1 0
github.com/ibm/ibm-cert-manager-operator/controllers/operator/prereqs.go:192.24,194.4 1 0
github.com/ibm/ibm-cert-manager-operator/controllers/operator/prereqs.go:194.9,195.30 1 0
github.com/ibm/ibm-cert-manager-operator/controllers/operator/prereqs.go:198.4,201.65 4 0
github.com/ibm/ibm-cert-manager-operator/controllers/operator/prereqs.go:207.4,208.18 2 0
github.com/ibm/ibm-cert-manager-operator/controllers/operator/prereqs.go:195.30,197.5 1 0
github.com/ibm/ibm-cert-manager-operator/controllers/operator/prereqs.go:201.65,203.19 2 0
github.com/ibm/ibm-cert-manager-operator/controllers/operator/prereqs.go:203.19,205.6 1 0
github.com/ibm/ibm-cert-manager-operator/controllers/operator/prereqs.go:208.18,210.5 1 0
github.com/ibm/ibm-cert-manager-operator/controllers/operator/prereqs.go:217.137,219.54 2 0
github.com/ibm/ibm-cert-manager-operator/controllers/operator/prereqs.go:234.2,234.12 1 0
github.com/ibm/ibm-cert-manager-operator/controllers/operator/prereqs.go:219.54,224.85 5 0
github.com/ibm/ibm-cert-manager-operator/controllers/operator/prereqs.go:227.3,227.17 1 0
github.com/ibm/ibm-cert-manager-operator/controllers/operator/prereqs.go:224.85,226.4 1 0
github.com/ibm/ibm-cert-manager-operator/controllers/operator/prereqs.go:227.17,228.39 1 0
github.com/ibm/ibm-cert-manager-operator/controllers/operator/prereqs.go:228.39,231.5 2 0
github.com/ibm/ibm-cert-manager-operator/controllers/operator/prereqs.go:238.130,241.112 2 0
github.com/ibm/ibm-cert-manager-operator/controllers/operator/prereqs.go:252.2,253.12 2 0
github.com/ibm/ibm-cert-manager-operator/controllers/operator/prereqs.go:241.112,242.98 1 0
github.com/ibm/ibm-cert-manager-operator/controllers/operator/prereqs.go:245.3,246.99 2 0
github.com/ibm/ibm-cert-manager-operator/controllers/operator/prereqs.go:242.98,244.4 1 0
github.com/ibm/ibm-cert-manager-operator/controllers/operator/prereqs.go:246.99,248.4 1 0
github.com/ibm/ibm-cert-manager-operator/controllers/operator/prereqs.go:249.8,249.23 1 0
github.com/ibm/ibm-cert-manager-operator/controllers/operator/prereqs.go:249.23,251.3 1 0
github.com/ibm/ibm-cert-manager-operator/controllers/operator/prereqs.go:258.181,262.16 4 0
github.com/ibm/ibm-cert-manager-operator/controllers/operator/prereqs.go:266.2,267.49 2 0
github.com/ibm/ibm-cert-manager-operator/controllers/operator/prereqs.go:274.2,274.32 1 0
github.com/ibm/ibm-cert-manager-operator/controllers/operator/prereqs.go:288.2,288.22 1 0
github.com/ibm/ibm-cert-manager-operator/controllers/operator/prereqs.go:291.2,292.12 2 0
github.com/ibm/ibm-cert-manager-operator/controllers/operator/prereqs.go:262.16,264.3 1 0
github.com/ibm/ibm-cert-manager-operator/controllers/operator/prereqs.go:267.49,268.52 1 0
github.com/ibm/ibm-cert-manager-operator/controllers/operator/prereqs.go:268.52,270.4 1 0
github.com/ibm/ibm-cert-manager-operator/controllers/operator/prereqs.go:274.32,276.46 2 0
github.com/ibm/ibm-cert-manager-operator/controllers/operator/prereqs.go:276.46,280.87 3 0
github.com/ibm/ibm-cert-manager-operator/controllers/operator/prereqs.go:283.4,283.87 1 0
github.com/ibm/ibm-cert-manager-operator/controllers/operator/prereqs.go:280.87,282.5 1 0
github.com/ibm/ibm-cert-manager-operator/controllers/operator/prereqs.go:283.87,285.5 1 0
github.com/ibm/ibm-cert-manager-operator/controllers/operator/prereqs.go:288.22,290.3 1 0
github.com/ibm/ibm-cert-manager-operator/controllers/operator/prereqs.go:296.46,301.45 3 0
github.com/ibm/ibm-cert-manager-operator/controllers/operator/prereqs.go:313.2,315.45 3 0
github.com/ibm/ibm-cert-manager-operator/controllers/operator/prereqs.go:326.2,326.12 1 0
github.com/ibm/ibm-cert-manager-operator/controllers/operator/prereqs.go:301.45,304.3 2 0
github.com/ibm/ibm-cert-manager-operator/controllers/operator/prereqs.go:304.8,304.23 1 0
github.com/ibm/ibm-cert-manager-operator/controllers/operator/prereqs.go:304.23,305.80 1 0
github.com/ibm/ibm-cert-manager-operator/controllers/operator/prereqs.go:305.80,308.4 2 0
github.com/ibm/ibm-cert-manager-operator/controllers/operator/prereqs.go:309.8,311.3 1 0
github.com/ibm/ibm-cert-manager-operator/controllers/operator/prereqs.go:315.45,318.3 2 0
github.com/ibm/ibm-cert-manager-operator/controllers/operator/prereqs.go:318.8,318.23 1 0
github.com/ibm/ibm-cert-manager-operator/controllers/operator/prereqs.go:318.23,319.73 1 0
github.com/ibm/ibm-cert-manager-operator/controllers/operator/prereqs.go:319.73,322.4 2 0
github.com/ibm/ibm-cert-manager-operator/controllers/operator/prereqs.go:323.8,325.3 1 0
github.com/ibm/ibm-cert-manager-operator/controllers/operator/prereqs.go:330.63,336.16 4 0
github.com/ibm/ibm-cert-manager-operator/controllers/operator/prereqs.go:340.2,340.40 1 0
github.com/ibm/ibm-cert-manager-operator/controllers/operator/prereqs.go:345.2,347.24 3 0
github.com/ibm/ibm-cert-manager-operator/controllers/operator/prereqs.go:352.2,353.16 2 0
github.com/ibm/ibm-cert-manager-operator/controllers/operator/prereqs.go:356.2,356.14 1 0
github.com/ibm/ibm-cert-manager-operator/controllers/operator/prereqs.go:359.2,360.9 2 0
github.com/ibm/ibm-cert-manager-operator/controllers/operator/prereqs.go:363.2,365.35 2 0
github.com/ibm/ibm-cert-manager-operator/controllers/operator/prereqs.go:336.16,338.3 1 0
github.com/ibm/ibm-cert-manager-operator/controllers/operator/prereqs.go:340.40,342.3 1 0
github.com/ibm/ibm-cert-manager-operator/controllers/operator/prereqs.go:347.24,349.3 1 0
github.com/ibm/ibm-cert-manager-operator/controllers/operator/prereqs.go:353.16,355.3 1 0
github.com/ibm/ibm-cert-manager-operator/controllers/operator/prereqs.go:356.14,358.3 1 0
github.com/ibm/ibm-cert-manager-operator/controllers/operator/prereqs.go:360.9,362.3 1 0
github.com/ibm/ibm-cert-manager-operator/controllers/operator/util.go:30.55,31.38 1 0
github.com/ibm/ibm-cert-manager-operator/controllers/operator/util.go:36.2,36.14 1 0
github.com/ibm/ibm-cert-manager-operator/controllers/operator/util.go:31.38,32.26 1 0
github.com/ibm/ibm-cert-manager-operator/controllers/operator/util.go:32.26,34.4 1 0
github.com/ibm/ibm-cert-manager-operator/controllers/operator/util.go:39.66,40.38 1 0
github.com/ibm/ibm-cert-manager-operator/controllers/operator/util.go:46.2,46.15 1 0
github.com/ibm/ibm-cert-manager-operator/controllers/operator/util.go:40.38,41.26 1 0
github.com/ibm/ibm-cert-manager-operator/controllers/operator/util.go:44.3,44.40 1 0
github.com/ibm/ibm-cert-manager-operator/controllers/operator/util.go:41.26,42.12 1 0
github.com/ibm/ibm-cert-manager-operator/controllers/operator/util.go:50.135,74.48 3 0
github.com/ibm/ibm-cert-manager-operator/controllers/operator/util.go:78.2,78.12 1 0
github.com/ibm/ibm-cert-manager-operator/controllers/operator/util.go:74.48,76.3 1 0
github.com/ibm/ibm-cert-manager-operator/controllers/operator/certmanager_controller.go:104.103,112.16 6 0
github.com/ibm/ibm-cert-manager-operator/controllers/operator/certmanager_controller.go:124.2,124.27 1 0
github.com/ibm/ibm-cert-manager-operator/controllers/operator/certmanager_controller.go:131.2,133.52 2 0
github.com/ibm/ibm-cert-manager-operator/controllers/operator/certmanager_controller.go:155.2,160.21 4 0
github.com/ibm/ibm-cert-manager-operator/controllers/operator/certmanager_controller.go:168.2,168.24 1 0
github.com/ibm/ibm-cert-manager-operator/controllers/operator/certmanager_controller.go:195.2,198.44 2 0
github.com/ibm/ibm-cert-manager-operator/controllers/operator/certmanager_controller.go:204.2,207.48 2 0
github.com/ibm/ibm-cert-manager-operator/controllers/operator/certmanager_controller.go:214.2,217.27 3 0
github.com/ibm/ibm-cert-manager-operator/controllers/operator/certmanager_controller.go:112.16,113.29 1 0
github.com/ibm/ibm-cert-manager-operator/controllers/operator/certmanager_controller.go:121.3,121.28 1 0
github.com/ibm/ibm-cert-manager-operator/controllers/operator/certmanager_controller.go:113.29,119.4 2 0
github.com/ibm/ibm-cert-manager-operator/controllers/operator/certmanager_controller.go:124.27,129.3 4 0
github.com/ibm/ibm-cert-manager-operator/controllers/operator/certmanager_controller.go:133.52,135.69 1 0
github.com/ibm/ibm-cert-manager-operator/controllers/operator/certmanager_controller.go:135.69,137.74 2 0
github.com/ibm/ibm-cert-manager-operator/controllers/operator/certmanager_controller.go:137.74,140.5 2 0
github.com/ibm/ibm-cert-manager-operator/controllers/operator/certmanager_controller.go:142.8,144.68 1 0
github.com/ibm/ibm-cert-manager-operator/controllers/operator/certmanager_controller.go:152.3,152.28 1 0
github.com/ibm/ibm-cert-manager-operator/controllers/operator/certmanager_controller.go:144.68,146.74 2 0
github.com/ibm/ibm-cert-manager-operator/controllers/operator/certmanager_controller.go:146.74,149.5 2 0
github.com/ibm/ibm-cert-manager-operator/controllers/operator/certmanager_controller.go:160.21,162.73 1 0
github.com/ibm/ibm-cert-manager-operator/controllers/operator/certmanager_controller.go:162.73,164.4 1 0
github.com/ibm/ibm-cert-manager-operator/controllers/operator/certmanager_controller.go:164.9,166.4 1 0
github.com/ibm/ibm-cert-manager-operator/controllers/operator/certmanager_controller.go:168.24,175.24 6 0
github.com/ibm/ibm-cert-manager-operator/controllers/operator/certmanager_controller.go:175.24,184.18 5 0
github.com/ibm/ibm-cert-manager-operator/controllers/operator/certmanager_controller.go:190.4,191.29 2 0
github.com/ibm/ibm-cert-manager-operator/controllers/operator/certmanager_controller.go:184.18,187.5 2 0
github.com/ibm/ibm-cert-manager-operator/controllers/operator/certmanager_controller.go:198.44,203.3 4 0
github.com/ibm/ibm-cert-manager-operator/controllers/operator/certmanager_controller.go:207.48,212.3 4 0
github.com/ibm/ibm-cert-manager-operator/controllers/operator/certmanager_controller.go:220.116,222.2 1 0
github.com/ibm/ibm-cert-manager-operator/controllers/operator/certmanager_controller.go:224.102,225.64 1 0
github.com/ibm/ibm-cert-manager-operator/controllers/operator/certmanager_controller.go:225.64,227.76 2 0
github.com/ibm/ibm-cert-manager-operator/controllers/operator/certmanager_controller.go:227.76,229.4 1 0
github.com/ibm/ibm-cert-manager-operator/controllers/operator/certmanager_controller.go:233.87,234.70 1 0
github.com/ibm/ibm-cert-manager-operator/controllers/operator/certmanager_controller.go:238.2,238.12 1 0
github.com/ibm/ibm-cert-manager-operator/controllers/operator/certmanager_controller.go:234.70,237.3 2 0
github.com/ibm/ibm-cert-manager-operator/controllers/operator/certmanager_controller.go:241.91,242.92 1 0
github.com/ibm/ibm-cert-manager-operator/controllers/operator/certmanager_controller.go:246.2,246.97 1 0
github.com/ibm/ibm-cert-manager-operator/controllers/operator/certmanager_controller.go:250.2,250.27 1 0
github.com/ibm/ibm-cert-manager-operator/controllers/operator/certmanager_controller.go:279.2,279.12 1 0
github.com/ibm/ibm-cert-manager-operator/controllers/operator/certmanager_controller.go:242.92,244.3 1 0
github.com/ibm/ibm-cert-manager-operator/controllers/operator/certmanager_controller.go:246.97,248.3 1 0
github.com/ibm/ibm-cert-manager-operator/controllers/operator/certmanager_controller.go:250.27,252.76 1 0
github.com/ibm/ibm-cert-manager-operator/controllers/operator/certmanager_controller.go:256.3,256.92 1 0
github.com/ibm/ibm-cert-manager-operator/controllers/operator/certmanager_controller.go:259.3,259.89 1 0
github.com/ibm/ibm-cert-manager-operator/controllers/operator/certmanager_controller.go:252.76,254.4 1 0
github.com/ibm/ibm-cert-manager-operator/controllers/operator/certmanager_controller.go:256.92,258.4 1 0
github.com/ibm/ibm-cert-manager-operator/controllers/operator/certmanager_controller.go:259.89,261.4 1 0
github.com/ibm/ibm-cert-manager-operator/controllers/operator/certmanager_controller.go:262.8,266.34 3 0
github.com/ibm/ibm-cert-manager-operator/controllers/operator/certmanager_controller.go:270.3,270.37 1 0
github.com/ibm/ibm-cert-manager-operator/controllers/operator/certmanager_controller.go:275.3,275.62 1 0
github.com/ibm/ibm-cert-manager-operator/controllers/operator/certmanager_controller.go:266.34,269.4 2 0
github.com/ibm/ibm-cert-manager-operator/controllers/operator/certmanager_controller.go:270.37,273.4 2 0
github.com/ibm/ibm-cert-manager-operator/controllers/operator/certmanager_controller.go:275.62,277.4 1 0
github.com/ibm/ibm-cert-manager-operator/controllers/operator/certmanager_controller.go:283.74,286.16 2 0
github.com/ibm/ibm-cert-manager-operator/controllers/operator/certmanager_controller.go:291.2,292.16 2 0
github.com/ibm/ibm-cert-manager-operator/controllers/operator/certmanager_controller.go:297.2,301.16 2 0
github.com/ibm/ibm-cert-manager-operator/controllers/operator/certmanager_controller.go:306.2,310.16 2 0
github.com/ibm/ibm-cert-manager-operator/controllers/operator/certmanager_controller.go:315.2,319.16 2 0
github.com/ibm/ibm-cert-manager-operator/controllers/operator/certmanager_controller.go:324.2,328.16 2 0
github.com/ibm/ibm-cert-manager-operator/controllers/operator/certmanager_controller.go:333.2,337.16 2 0
github.com/ibm/ibm-cert-manager-operator/controllers/operator/certmanager_controller.go:342.2,346.16 2 0
github.com/ibm/ibm-cert-manager-operator/controllers/operator/certmanager_controller.go:350.2,354.16 2 0
github.com/ibm/ibm-cert-manager-operator/controllers/operator/certmanager_controller.go:358.2,362.16 2 0
github.com/ibm/ibm-cert-manager-operator/controllers/operator/certmanager_controller.go:366.2,370.16 2 0
github.com/ibm/ibm-cert-manager-operator/controllers/operator/certmanager_controller.go:373.2,373.12 1 0
github.com/ibm/ibm-cert-manager-operator/controllers/operator/certmanager_controller.go:286.16,288.3 1 0
github.com/ibm/ibm-cert-manager-operator/controllers/operator/certmanager_controller.go:292.16,294.3 1 0
github.com/ibm/ibm-cert-manager-operator/controllers/operator/certmanager_controller.go:301.16,303.3 1 0
github.com/ibm/ibm-cert-manager-operator/controllers/operator/certmanager_controller.go:310.16,312.3 1 0
github.com/ibm/ibm-cert-manager-operator/controllers/operator/certmanager_controller.go:319.16,321.3 1 0
github.com/ibm/ibm-cert-manager-operator/controllers/operator/certmanager_controller.go:328.16,330.3 1 0
github.com/ibm/ibm-cert-manager-operator/controllers/operator/certmanager_controller.go:337.16,339.3 1 0
github.com/ibm/ibm-cert-manager-operator/controllers/operator/certmanager_controller.go:346.16,348.3 1 0
github.com/ibm/ibm-cert-manager-operator/controllers/operator/certmanager_controller.go:354.16,356.3 1 0
github.com/ibm/ibm-cert-manager-operator/controllers/operator/certmanager_controller.go:362.16,364.3 1 0
github.com/ibm/ibm-cert-manager-operator/controllers/operator/certmanager_controller.go:370.16,372.3 1 0
github.com/ibm/ibm-cert-manager-operator/controllers/operator/deploys.go:39.160,41.2 1 0
github.com/ibm/ibm-cert-manager-operator/controllers/operator/deploys.go:43.159,45.2 1 0
github.com/ibm/ibm-cert-manager-operator/controllers/operator/deploys.go:47.156,49.2 1 0
github.com/ibm/ibm-cert-manager-operator/controllers/operator/deploys.go:51.165,53.2 1 0
github.com/ibm/ibm-cert-manager-operator/controllers/operator/deploys.go:55.214,65.40 8 0
github.com/ibm/ibm-cert-manager-operator/controllers/operator/deploys.go:80.2,80.93 1 0
github.com/ibm/ibm-cert-manager-operator/controllers/operator/deploys.go:83.2,83.12 1 0
github.com/ibm/ibm-cert-manager-operator/controllers/operator/deploys.go:99.2,100.12 2 0
github.com/ibm/ibm-cert-manager-operator/controllers/operator/deploys.go:65.40,66.55 1 0
github.com/ibm/ibm-cert-manager-operator/controllers/operator/deploys.go:75.3,77.26 3 0
github.com/ibm/ibm-cert-manager-operator/controllers/operator/deploys.go:66.55,73.4 4 0
github.com/ibm/ibm-cert-manager-operator/controllers/operator/deploys.go:80.93,82.3 1 0
github.com/ibm/ibm-cert-manager-operator/controllers/operator/deploys.go:83.12,84.68 1 0
github.com/ibm/ibm-cert-manager-operator/controllers/operator/deploys.go:84.68,86.4 1 0
github.com/ibm/ibm-cert-manager-operator/controllers/operator/deploys.go:87.8,88.48 1 0
github.com/ibm/ibm-cert-manager-operator/controllers/operator/deploys.go:88.48,92.75 3 0
github.com/ibm/ibm-cert-manager-operator/controllers/operator/deploys.go:92.75,94.5 1 0
github.com/ibm/ibm-cert-manager-operator/controllers/operator/deploys.go:95.9,97.4 1 0
github.com/ibm/ibm-cert-manager-operator/controllers/operator/deploys.go:107.114,113.39 3 0
github.com/ibm/ibm-cert-manager-operator/controllers/operator/deploys.go:116.2,116.21 1 0
github.com/ibm/ibm-cert-manager-operator/controllers/operator/deploys.go:177.2,180.24 4 0
github.com/ibm/ibm-cert-manager-operator/controllers/operator/deploys.go:113.39,115.3 1 0
github.com/ibm/ibm-cert-manager-operator/controllers/operator/deploys.go:117.37,122.37 4 0
github.com/ibm/ibm-cert-manager-operator/controllers/operator/deploys.go:125.3,133.66 7 0
github.com/ibm/ibm-cert-manager-operator/controllers/operator/deploys.go:136.3,136.68 1 0
github.com/ibm/ibm-cert-manager-operator/controllers/operator/deploys.go:140.37,143.66 2 0
github.com/ibm/ibm-cert-manager-operator/controllers/operator/deploys.go:146.3,146.68 1 0
github.com/ibm/ibm-cert-manager-operator/controllers/operator/deploys.go:150.34,153.46 3 0
github.com/ibm/ibm-cert-manager-operator/controllers/operator/deploys.go:159.3,159.63 1 0
github.com/ibm/ibm-cert-manager-operator/controllers/operator/deploys.go:162.3,162.65 1 0
github.com/ibm/ibm-cert-manager-operator/controllers/operator/deploys.go:166.32,169.61 2 0
github.com/ibm/ibm-cert-manager-operator/controllers/operator/deploys.go:172.3,172.63 1 0
github.com/ibm/ibm-cert-manager-operator/controllers/operator/deploys.go:122.37,124.4 1 0
github.com/ibm/ibm-cert-manager-operator/controllers/operator/deploys.go:133.66,135.4 1 0
github.com/ibm/ibm-cert-manager-operator/controllers/operator/deploys.go:136.68,138.4 1 0
github.com/ibm/ibm-cert-manager-operator/controllers/operator/deploys.go:143.66,145.4 1 0
github.com/ibm/ibm-cert-manager-operator/controllers/operator/deploys.go:146.68,148.4 1 0
github.com/ibm/ibm-cert-manager-operator/controllers/operator/deploys.go:153.46,155.4 1 0
github.com/ibm/ibm-cert-manager-operator/controllers/operator/deploys.go:155.9,157.4 1 0
github.com/ibm/ibm-cert-manager-operator/controllers/operator/deploys.go:159.63,161.4 1 0
github.com/ibm/ibm-cert-manager-operator/controllers/operator/deploys.go:162.65,164.4 1 0
github.com/ibm/ibm-cert-manager-operator/controllers/operator/deploys.go:169.61,171.4 1 0
github.com/ibm/ibm-cert-manager-operator/controllers/operator/deploys.go:172.63,174.4 1 0
github.com/ibm/ibm-cert-manager-operator/controllers/operator/deploys.go:183.78,184.116 1 0
github.com/ibm/ibm-cert-manager-operator/controllers/operator/deploys.go:188.2,189.12 2 0
github.com/ibm/ibm-cert-manager-operator/controllers/operator/deploys.go:184.116,187.3 2 0
github.com/ibm/ibm-cert-manager-operator/controllers/operator/deploys.go:192.89,199.16 6 0
github.com/ibm/ibm-cert-manager-operator/controllers/operator/deploys.go:215.2,218.16 3 0
github.com/ibm/ibm-cert-manager-operator/controllers/operator/deploys.go:234.2,234.34 1 0
github.com/ibm/ibm-cert-manager-operator/controllers/operator/deploys.go:238.2,238.19 1 0
github.com/ibm/ibm-cert-manager-operator/controllers/operator/deploys.go:199.16,201.3 1 0
github.com/ibm/ibm-cert-manager-operator/controllers/operator/deploys.go:201.8,202.43 1 0
github.com/ibm/ibm-cert-manager-operator/controllers/operator/deploys.go:202.43,207.39 3 0
github.com/ibm/ibm-cert-manager-operator/controllers/operator/deploys.go:207.39,210.5 2 0
github.com/ibm/ibm-cert-manager-operator/controllers/operator/deploys.go:218.16,220.3 1 0
github.com/ibm/ibm-cert-manager-operator/controllers/operator/deploys.go:220.8,221.43 1 0
github.com/ibm/ibm-cert-manager-operator/controllers/operator/deploys.go:221.43,222.77 1 0
github.com/ibm/ibm-cert-manager-operator/controllers/operator/deploys.go:222.77,227.40 3 0
github.com/ibm/ibm-cert-manager-operator/controllers/operator/deploys.go:227.40,230.6 2 0
github.com/ibm/ibm-cert-manager-operator/controllers/operator/deploys.go:234.34,237.3 2 0
github.com/ibm/ibm-cert-manager-operator/controllers/operator/deploys.go:246.57,248.66 2 0
github.com/ibm/ibm-cert-manager-operator/controllers/operator/deploys.go:255.2,255.67 1 0
github.com/ibm/ibm-cert-manager-operator/controllers/operator/deploys.go:260.2,262.88 3 0
github.com/ibm/ibm-cert-manager-operator/controllers/operator/deploys.go:269.2,269.105 1 0
github.com/ibm/ibm-cert-manager-operator/controllers/operator/deploys.go:276.2,276.109 1 0
github.com/ibm/ibm-cert-manager-operator/controllers/operator/deploys.go:283.2,283.103 1 0
github.com/ibm/ibm-cert-manager-operator/controllers/operator/deploys.go:289.2,291.45 3 0
github.com/ibm/ibm-cert-manager-operator/controllers/operator/deploys.go:316.2,316.77 1 0
github.com/ibm/ibm-cert-manager-operator/controllers/operator/deploys.go:322.2,324.51 3 0
github.com/ibm/ibm-cert-manager-operator/controllers/operator/deploys.go:330.2,332.58 3 0
github.com/ibm/ibm-cert-manager-operator/controllers/operator/deploys.go:337.2,337.60 1 0
github.com/ibm/ibm-cert-manager-operator/controllers/operator/deploys.go:342.2,342.80 1 0
github.com/ibm/ibm-cert-manager-operator/controllers/operator/deploys.go:348.2,348.54 1 0
github.com/ibm/ibm-cert-manager-operator/controllers/operator/deploys.go:365.2,368.34 3 0
github.com/ibm/ibm-cert-manager-operator/controllers/operator/deploys.go:392.2,394.36 3 0
github.com/ibm/ibm-cert-manager-operator/controllers/operator/deploys.go:418.2,421.40 3 0
github.com/ibm/ibm-cert-manager-operator/controllers/operator/deploys.go:492.2,495.90 3 0
github.com/ibm/ibm-cert-manager-operator/controllers/operator/deploys.go:501.2,501.96 1 0
github.com/ibm/ibm-cert-manager-operator/controllers/operator/deploys.go:507.2,507.94 1 0
github.com/ibm/ibm-cert-manager-operator/controllers/operator/deploys.go:513.2,513.100 1 0
github.com/ibm/ibm-cert-manager-operator/controllers/operator/deploys.go:519.2,521.46 3 0
github.com/ibm/ibm-cert-manager-operator/controllers/operator/deploys.go:558.2,560.51 3 0
github.com/ibm/ibm-cert-manager-operator/controllers/operator/deploys.go:575.2,576.13 2 0
github.com/ibm/ibm-cert-manager-operator/controllers/operator/deploys.go:248.66,253.3 2 0
github.com/ibm/ibm-cert-manager-operator/controllers/operator/deploys.go:255.67,258.3 2 0
github.com/ibm/ibm-cert-manager-operator/controllers/operator/deploys.go:262.88,267.3 2 0
github.com/ibm/ibm-cert-manager-operator/controllers/operator/deploys.go:269.105,274.3 2 0
github.com/ibm/ibm-cert-manager-operator/controllers/operator/deploys.go:276.109,281.3 2 0
github.com/ibm/ibm-cert-manager-operator/controllers/operator/deploys.go:283.103,288.3 2 0
github.com/ibm/ibm-cert-manager-operator/controllers/operator/deploys.go:291.45,292.20 1 0
github.com/ibm/ibm-cert-manager-operator/controllers/operator/deploys.go:292.20,293.24 1 0
github.com/ibm/ibm-cert-manager-operator/controllers/operator/deploys.go:293.24,294.55 1 0
github.com/ibm/ibm-cert-manager-operator/controllers/operator/deploys.go:299.5,299.81 1 0
github.com/ibm/ibm-cert-manager-operator/controllers/operator/deploys.go:294.55,298.6 2 0
github.com/ibm/ibm-cert-manager-operator/controllers/operator/deploys.go:299.81,300.108 1 0
github.com/ibm/ibm-cert-manager-operator/controllers/operator/deploys.go:300.108,304.7 2 0
github.com/ibm/ibm-cert-manager-operator/controllers/operator/deploys.go:305.11,305.91 1 0
github.com/ibm/ibm-cert-manager-operator/controllers/operator/deploys.go:305.91,308.6 2 0
github.com/ibm/ibm-cert-manager-operator/controllers/operator/deploys.go:311.8,314.3 2 0
github.com/ibm/ibm-cert-manager-operator/controllers/operator/deploys.go:316.77,319.3 2 0
github.com/ibm/ibm-cert-manager-operator/controllers/operator/deploys.go:324.51,328.3 2 0
github.com/ibm/ibm-cert-manager-operator/controllers/operator/deploys.go:332.58,335.3 2 0
github.com/ibm/ibm-cert-manager-operator/controllers/operator/deploys.go:337.60,340.3 2 0
github.com/ibm/ibm-cert-manager-operator/controllers/operator/deploys.go:342.80,346.3 2 0
github.com/ibm/ibm-cert-manager-operator/controllers/operator/deploys.go:348.54,349.69 1 0
github.com/ibm/ibm-cert-manager-operator/controllers/operator/deploys.go:354.3,354.59 1 0
github.com/ibm/ibm-cert-manager-operator/controllers/operator/deploys.go:349.69,353.4 2 0
github.com/ibm/ibm-cert-manager-operator/controllers/operator/deploys.go:354.59,358.4 2 0
github.com/ibm/ibm-cert-manager-operator/controllers/operator/deploys.go:359.8,359.64 1 0
github.com/ibm/ibm-cert-manager-operator/controllers/operator/deploys.go:359.64,363.3 2 0
github.com/ibm/ibm-cert-manager-operator/controllers/operator/deploys.go:368.34,369.81 1 0
github.com/ibm/ibm-cert-manager-operator/controllers/operator/deploys.go:375.3,375.79 1 0
github.com/ibm/ibm-cert-manager-operator/controllers/operator/deploys.go:381.3,381.69 1 0
github.com/ibm/ibm-cert-manager-operator/controllers/operator/deploys.go:369.81,373.4 2 0
github.com/ibm/ibm-cert-manager-operator/controllers/operator/deploys.go:375.79,379.4 2 0
github.com/ibm/ibm-cert-manager-operator/controllers/operator/deploys.go:381.69,385.4 2 0
github.com/ibm/ibm-cert-manager-operator/controllers/operator/deploys.go:386.8,386.44 1 0
github.com/ibm/ibm-cert-manager-operator/controllers/operator/deploys.go:386.44,390.3 2 0
github.com/ibm/ibm-cert-manager-operator/controllers/operator/deploys.go:394.36,395.83 1 0
github.com/ibm/ibm-cert-manager-operator/controllers/operator/deploys.go:401.3,401.81 1 0
github.com/ibm/ibm-cert-manager-operator/controllers/operator/deploys.go:407.3,407.71 1 0
github.com/ibm/ibm-cert-manager-operator/controllers/operator/deploys.go:395.83,399.4 2 0
github.com/ibm/ibm-cert-manager-operator/controllers/operator/deploys.go:401.81,405.4 2 0
github.com/ibm/ibm-cert-manager-operator/controllers/operator/deploys.go:407.71,411.4 2 0
github.com/ibm/ibm-cert-manager-operator/controllers/operator/deploys.go:412.8,412.46 1 0
github.com/ibm/ibm-cert-manager-operator/controllers/operator/deploys.go:412.46,416.3 2 0
github.com/ibm/ibm-cert-manager-operator/controllers/operator/deploys.go:421.40,422.67 1 0
github.com/ibm/ibm-cert-manager-operator/controllers/operator/deploys.go:433.3,433.61 1 0
github.com/ibm/ibm-cert-manager-operator/controllers/operator/deploys.go:444.3,444.91 1 0
github.com/ibm/ibm-cert-manager-operator/controllers/operator/deploys.go:455.3,455.87 1 0
github.com/ibm/ibm-cert-manager-operator/controllers/operator/deploys.go:466.3,466.63 1 0
github.com/ibm/ibm-cert-manager-operator/controllers/operator/deploys.go:477.3,477.67 1 0
github.com/ibm/ibm-cert-manager-operator/controllers/operator/deploys.go:422.67,423.72 1 0
github.com/ibm/ibm-cert-manager-operator/controllers/operator/deploys.go:423.72,427.5 2 0
github.com/ibm/ibm-cert-manager-operator/controllers/operator/deploys.go:428.9,428.77 1 0
github.com/ibm/ibm-cert-manager-operator/controllers/operator/deploys.go:428.77,431.4 2 0
github.com/ibm/ibm-cert-manager-operator/controllers/operator/deploys.go:433.61,434.66 1 0
github.com/ibm/ibm-cert-manager-operator/controllers/operator/deploys.go:434.66,438.5 2 0
github.com/ibm/ibm-cert-manager-operator/controllers/operator/deploys.go:439.9,439.71 1 0
github.com/ibm/ibm-cert-manager-operator/controllers/operator/deploys.go:439.71,442.4 2 0
github.com/ibm/ibm-cert-manager-operator/controllers/operator/deploys.go:444.91,445.96 1 0
github.com/ibm/ibm-cert-manager-operator/controllers/operator/deploys.go:445.96,449.5 2 0
github.com/ibm/ibm-cert-manager-operator/controllers/operator/deploys.go:450.9,450.101 1 0
github.com/ibm/ibm-cert-manager-operator/controllers/operator/deploys.go:450.101,453.4 2 0
github.com/ibm/ibm-cert-manager-operator/controllers/operator/deploys.go:455.87,456.92 1 0
github.com/ibm/ibm-cert-manager-operator/controllers/operator/deploys.go:456.92,460.5 2 0
github.com/ibm/ibm-cert-manager-operator/controllers/operator/deploys.go:461.9,461.97 1 0
github.com/ibm/ibm-cert-manager-operator/controllers/operator/deploys.go:461.97,464.4 2 0
github.com/ibm/ibm-cert-manager-operator/controllers/operator/deploys.go:466.63,467.68 1 0
github.com/ibm/ibm-cert-manager-operator/controllers/operator/deploys.go:467.68,471.5 2 0
github.com/ibm/ibm-cert-manager-operator/controllers/operator/deploys.go:472.9,472.73 1 0
github.com/ibm/ibm-cert-manager-operator/controllers/operator/deploys.go:472.73,475.4 2 0
github.com/ibm/ibm-cert-manager-operator/controllers/operator/deploys.go:477.67,478.72 1 0
github.com/ibm/ibm-cert-manager-operator/controllers/operator/deploys.go:478.72,482.5 2 0
github.com/ibm/ibm-cert-manager-operator/controllers/operator/deploys.go:483.9,483.77 1 0
github.com/ibm/ibm-cert-manager-operator/controllers/operator/deploys.go:483.77,486.4 2 0
github.com/ibm/ibm-cert-manager-operator/controllers/operator/deploys.go:487.8,487.50 1 0
github.com/ibm/ibm-cert-manager-operator/controllers/operator/deploys.go:487.50,490.3 2 0
github.com/ibm/ibm-cert-manager-operator/controllers/operator/deploys.go:495.90,499.3 2 0
github.com/ibm/ibm-cert-manager-operator/controllers/operator/deploys.go:501.96,505.3 2 0
github.com/ibm/ibm-cert-manager-operator/controllers/operator/deploys.go:507.94,511.3 2 0
github.com/ibm/ibm-cert-manager-operator/controllers/operator/deploys.go:513.100,517.3 2 0
github.com/ibm/ibm-cert-manager-operator/controllers/operator/deploys.go:521.46,524.3 2 0
github.com/ibm/ibm-cert-manager-operator/controllers/operator/deploys.go:524.8,524.26 1 0
github.com/ibm/ibm-cert-manager-operator/controllers/operator/deploys.go:524.26,525.23 1 0
github.com/ibm/ibm-cert-manager-operator/controllers/operator/deploys.go:525.23,526.54 1 0
github.com/ibm/ibm-cert-manager-operator/controllers/operator/deploys.go:531.4,531.56 1 0
github.com/ibm/ibm-cert-manager-operator/controllers/operator/deploys.go:536.4,536.60 1 0
github.com/ibm/ibm-cert-manager-operator/controllers/operator/deploys.go:526.54,530.5 3 0
github.com/ibm/ibm-cert-manager-operator/controllers/operator/deploys.go:531.56,535.5 3 0
github.com/ibm/ibm-cert-manager-operator/controllers/operator/deploys.go:536.60,539.45 3 0
github.com/ibm/ibm-cert-manager-operator/controllers/operator/deploys.go:539.45,540.104 1 0
github.com/ibm/ibm-cert-manager-operator/controllers/operator/deploys.go:540.104,544.7 2 0
github.com/ibm/ibm-cert-manager-operator/controllers/operator/deploys.go:545.11,545.55 1 0
github.com/ibm/ibm-cert-manager-operator/controllers/operator/deploys.go:545.55,549.6 3 0
github.com/ibm/ibm-cert-manager-operator/controllers/operator/deploys.go:551.10,551.70 1 0
github.com/ibm/ibm-cert-manager-operator/controllers/operator/deploys.go:551.70,555.5 3 0
github.com/ibm/ibm-cert-manager-operator/controllers/operator/deploys.go:560.51,561.23 1 0
github.com/ibm/ibm-cert-manager-operator/controllers/operator/deploys.go:561.23,562.27 1 0
github.com/ibm/ibm-cert-manager-operator/controllers/operator/deploys.go:562.27,563.51 1 0
github.com/ibm/ibm-cert-manager-operator/controllers/operator/deploys.go:563.51,567.6 2 0
github.com/ibm/ibm-cert-manager-operator/controllers/operator/deploys.go:570.8,573.3 2 0
github.com/ibm/ibm-cert-manager-operator/controllers/operator/deploys.go:579.53,580.26 1 0
github.com/ibm/ibm-cert-manager-operator/controllers/operator/deploys.go:592.2,592.13 1 0
github.com/ibm/ibm-cert-manager-operator/controllers/operator/deploys.go:580.26,582.10 2 0
github.com/ibm/ibm-cert-manager-operator/controllers/operator/deploys.go:586.3,586.15 1 0
github.com/ibm/ibm-cert-manager-operator/controllers/operator/deploys.go:582.10,585.4 2 0
github.com/ibm/ibm-cert-manager-operator/controllers/operator/deploys.go:586.15,589.4 2 0
github.com/ibm/ibm-cert-manager-operator/controllers/operator/prereqs-webhook.go:37.124,38.49 1 0
github.com/ibm/ibm-cert-manager-operator/controllers/operator/prereqs-webhook.go:41.2,41.52 1 0
github.com/ibm/ibm-cert-manager-operator/controllers/operator/prereqs-webhook.go:44.2,44.62 1 0
github.com/ibm/ibm-cert-manager-operator/controllers/operator/prereqs-webhook.go:47.2,47.59 1 0
github.com/ibm/ibm-cert-manager-operator/controllers/operator/prereqs-webhook.go:50.2,50.12 1 0
github.com/ibm/ibm-cert-manager-operator/controllers/operator/prereqs-webhook.go:38.49,40.3 1 0
github.com/ibm/ibm-cert-manager-operator/controllers/operator/prereqs-webhook.go:41.52,43.3 1 0
github.com/ibm/ibm-cert-manager-operator/controllers/operator/prereqs-webhook.go:44.62,46.3 1 0
github.com/ibm/ibm-cert-manager-operator/controllers/operator/prereqs-webhook.go:47.59,49.3 1 0
github.com/ibm/ibm-cert-manager-operator/controllers/operator/prereqs-webhook.go:53.66,54.46 1 0
github.com/ibm/ibm-cert-manager-operator/controllers/operator/prereqs-webhook.go:57.2,57.47 1 0
github.com/ibm/ibm-cert-manager-operator/controllers/operator/prereqs-webhook.go:60.2,60.12 1 0
github.com/ibm/ibm-cert-manager-operator/controllers/operator/prereqs-webhook.go:54.46,56.3 1 0
github.com/ibm/ibm-cert-manager-operator/controllers/operator/prereqs-webhook.go:57.47,59.3 1 0
github.com/ibm/ibm-cert-manager-operator/controllers/operator/prereqs-webhook.go:83.51,86.16 3 0
github.com/ibm/ibm-cert-manager-operator/controllers/operator/prereqs-webhook.go:95.2,95.12 1 0
github.com/ibm/ibm-cert-manager-operator/controllers/operator/prereqs-webhook.go:86.16,87.33 1 0
github.com/ibm/ibm-cert-manager-operator/controllers/operator/prereqs-webhook.go:87.33,89.4 1 0
github.com/ibm/ibm-cert-manager-operator/controllers/operator/prereqs-webhook.go:90.8,91.69 1 0
github.com/ibm/ibm-cert-manager-operator/controllers/operator/prereqs-webhook.go:91.69,93.4 1 0
github.com/ibm/ibm-cert-manager-operator/controllers/operator/prereqs-webhook.go:98.61,101.16 3 0
github.com/ibm/ibm-cert-manager-operator/controllers/operator/prereqs-webhook.go:107.2,107.82 1 0
github.com/ibm/ibm-cert-manager-operator/controllers/operator/prereqs-webhook.go:113.2,113.12 1 0
github.com/ibm/ibm-cert-manager-operator/controllers/operator/prereqs-webhook.go:101.16,102.32 1 0
github.com/ibm/ibm-cert-manager-operator/controllers/operator/prereqs-webhook.go:105.3,105.13 1 0
github.com/ibm/ibm-cert-manager-operator/controllers/operator/prereqs-webhook.go:102.32,104.4 1 0
github.com/ibm/ibm-cert-manager-operator/controllers/operator/prereqs-webhook.go:107.82,108.69 1 0
github.com/ibm/ibm-cert-manager-operator/controllers/operator/prereqs-webhook.go:108.69,110.4 1 0
github.com/ibm/ibm-cert-manager-operator/controllers/operator/prereqs-webhook.go:116.107,119.16 3 0
github.com/ibm/ibm-cert-manager-operator/controllers/operator/prereqs-webhook.go:159.2,161.16 3 0
github.com/ibm/ibm-cert-manager-operator/controllers/operator/prereqs-webhook.go:203.2,203.12 1 0
github.com/ibm/ibm-cert-manager-operator/controllers/operator/prereqs-webhook.go:119.16,120.32 1 0
github.com/ibm/ibm-cert-manager-operator/controllers/operator/prereqs-webhook.go:120.32,123.103 2 0
github.com/ibm/ibm-cert-manager-operator/controllers/operator/prereqs-webhook.go:126.4,127.18 2 0
github.com/ibm/ibm-cert-manager-operator/controllers/operator/prereqs-webhook.go:123.103,125.5 1 0
github.com/ibm/ibm-cert-manager-operator/controllers/operator/prereqs-webhook.go:127.18,129.5 1 0
github.com/ibm/ibm-cert-manager-operator/controllers/operator/prereqs-webhook.go:130.9,132.4 1 0
github.com/ibm/ibm-cert-manager-operator/controllers/operator/prereqs-webhook.go:133.8,135.29 2 0
github.com/ibm/ibm-cert-manager-operator/controllers/operator/prereqs-webhook.go:138.3,138.34 1 0
github.com/ibm/ibm-cert-manager-operator/controllers/operator/prereqs-webhook.go:141.3,150.57 10 0
github.com/ibm/ibm-cert-manager-operator/controllers/operator/prereqs-webhook.go:135.29,137.4 1 0
github.com/ibm/ibm-cert-manager-operator/controllers/operator/prereqs-webhook.go:138.34,140.4 1 0
github.com/ibm/ibm-cert-manager-operator/controllers/operator/prereqs-webhook.go:150.57,153.18 3 0
github.com/ibm/ibm-cert-manager-operator/controllers/operator/prereqs-webhook.go:153.18,155.5 1 0
github.com/ibm/ibm-cert-manager-operator/controllers/operator/prereqs-webhook.go:161.16,162.32 1 0
github.com/ibm/ibm-cert-manager-operator/controllers/operator/prereqs-webhook.go:162.32,165.105 2 0
github.com/ibm/ibm-cert-manager-operator/controllers/operator/prereqs-webhook.go:168.4,169.18 2 0
github.com/ibm/ibm-cert-manager-operator/controllers/operator/prereqs-webhook.go:165.105,167.5 1 0
github.com/ibm/ibm-cert-manager-operator/controllers/operator/prereqs-webhook.go:169.18,171.5 1 0
github.com/ibm/ibm-cert-manager-operator/controllers/operator/prereqs-webhook.go:172.9,174.4 1 0
github.com/ibm/ibm-cert-manager-operator/controllers/operator/prereqs-webhook.go:175.8,177.31 2 0
github.com/ibm/ibm-cert-manager-operator/controllers/operator/prereqs-webhook.go:180.3,180.36 1 0
github.com/ibm/ibm-cert-manager-operator/controllers/operator/prereqs-webhook.go:183.3,194.63 11 0
github.com/ibm/ibm-cert-manager-operator/controllers/operator/prereqs-webhook.go:177.31,179.4 1 0
github.com/ibm/ibm-cert-manager-operator/controllers/operator/prereqs-webhook.go:180.36,182.4 1 0
github.com/ibm/ibm-cert-manager-operator/controllers/operator/prereqs-webhook.go:194.63,197.18 3 0
github.com/ibm/ibm-cert-manager-operator/controllers/operator/prereqs-webhook.go:197.18,199.5 1 0
github.com/ibm/ibm-cert-manager-operator/controllers/operator/prereqs-webhook.go:206.49,209.16 3 0
github.com/ibm/ibm-cert-manager-operator/controllers/operator/prereqs-webhook.go:219.2,221.16 3 0
github.com/ibm/ibm-cert-manager-operator/controllers/operator/prereqs-webhook.go:230.2,230.12 1 0
github.com/ibm/ibm-cert-manager-operator/controllers/operator/prereqs-webhook.go:209.16,210.33 1 0
github.com/ibm/ibm-cert-manager-operator/controllers/operator/prereqs-webhook.go:210.33,212.4 1 0
github.com/ibm/ibm-cert-manager-operator/controllers/operator/prereqs-webhook.go:213.8,214.71 1 0
github.com/ibm/ibm-cert-manager-operator/controllers/operator/prereqs-webhook.go:214.71,216.4 1 0
github.com/ibm/ibm-cert-manager-operator/controllers/operator/prereqs-webhook.go:221.16,222.33 1 0
github.com/ibm/ibm-cert-manager-operator/controllers/operator/prereqs-webhook.go:222.33,224.4 1 0
github.com/ibm/ibm-cert-manager-operator/controllers/operator/prereqs-webhook.go:225.8,226.73 1 0
github.com/ibm/ibm-cert-manager-operator/controllers/operator/prereqs-webhook.go:226.73,228.4 1 0
github.com/ibm/ibm-cert-manager-operator/controllers/operator/prereqs-webhook.go:233.117,236.16 3 0
github.com/ibm/ibm-cert-manager-operator/controllers/operator/prereqs-webhook.go:254.2,255.23 2 0
github.com/ibm/ibm-cert-manager-operator/controllers/operator/prereqs-webhook.go:258.2,262.42 5 0
github.com/ibm/ibm-cert-manager-operator/controllers/operator/prereqs-webhook.go:269.2,269.12 1 0
github.com/ibm/ibm-cert-manager-operator/controllers/operator/prereqs-webhook.go:236.16,237.32 1 0
github.com/ibm/ibm-cert-manager-operator/controllers/operator/prereqs-webhook.go:251.3,251.13 1 0
github.com/ibm/ibm-cert-manager-operator/controllers/operator/prereqs-webhook.go:237.32,242.98 4 0
github.com/ibm/ibm-cert-manager-operator/controllers/operator/prereqs-webhook.go:245.4,246.18 2 0
github.com/ibm/ibm-cert-manager-operator/controllers/operator/prereqs-webhook.go:249.4,249.14 1 0
github.com/ibm/ibm-cert-manager-operator/controllers/operator/prereqs-webhook.go:242.98,244.5 1 0
github.com/ibm/ibm-cert-manager-operator/controllers/operator/prereqs-webhook.go:246.18,248.5 1 0
github.com/ibm/ibm-cert-manager-operator/controllers/operator/prereqs-webhook.go:255.23,257.3 1 0
github.com/ibm/ibm-cert-manager-operator/controllers/operator/prereqs-webhook.go:262.42,265.17 3 0
github.com/ibm/ibm-cert-manager-operator/controllers/operator/prereqs-webhook.go:265.17,267.4 1 0
github.com/ibm/ibm-cert-manager-operator/controllers/operator/prereqs-webhook.go:272.55,275.16 3 0
github.com/ibm/ibm-cert-manager-operator/controllers/operator/prereqs-webhook.go:284.2,284.12 1 0
github.com/ibm/ibm-cert-manager-operator/controllers/operator/prereqs-webhook.go:275.16,276.33 1 0
github.com/ibm/ibm-cert-manager-operator/controllers/operator/prereqs-webhook.go:276.33,278.4 1 0
github.com/ibm/ibm-cert-manager-operator/controllers/operator/prereqs-webhook.go:279.8,280.66 1 0
github.com/ibm/ibm-cert-manager-operator/controllers/operator/prereqs-webhook.go:280.66,282.4 1 0
github.com/ibm/ibm-cert-manager-operator/controllers/operator/prereqs-webhook.go:287.123,291.45 4 0
github.com/ibm/ibm-cert-manager-operator/controllers/operator/prereqs-webhook.go:301.2,301.12 1 0
github.com/ibm/ibm-cert-manager-operator/controllers/operator/prereqs-webhook.go:291.45,293.105 2 0
github.com/ibm/ibm-cert-manager-operator/controllers/operator/prereqs-webhook.go:296.3,297.17 2 0
github.com/ibm/ibm-cert-manager-operator/controllers/operator/prereqs-webhook.go:293.105,295.4 1 0
github.com/ibm/ibm-cert-manager-operator/controllers/operator/prereqs-webhook.go:297.17,299.4 1 0
github.com/ibm/ibm-cert-manager-operator/controllers/operator/prereqs-webhook.go:304.52,307.16 3 0
github.com/ibm/ibm-cert-manager-operator/controllers/operator/prereqs-webhook.go:316.2,316.12 1 0
github.com/ibm/ibm-cert-manager-operator/controllers/operator/prereqs-webhook.go:307.16,308.33 1 0
github.com/ibm/ibm-cert-manager-operator/controllers/operator/prereqs-webhook.go:308.33,310.4 1 0
github.com/ibm/ibm-cert-manager-operator/controllers/operator/prereqs-webhook.go:311.8,312.74 1 0
github.com/ibm/ibm-cert-manager-operator/controllers/operator/prereqs-webhook.go:312.74,314.4 1 0
github.com/ibm/ibm-cert-manager-operator/controllers/operator/prereqs-webhook.go:319.97,321.2 1 0
github.com/ibm/ibm-cert-manager-operator/controllers/operator/prereqs-webhook.go:323.151,325.2 1 0
github.com/ibm/ibm-cert-manager-operator/controllers/operator/prereqs-webhook.go:327.157,329.2 1 0
